{
  "stats": {
    "suites": 1,
    "tests": 1,
    "passes": 0,
    "pending": 0,
    "failures": 1,
    "start": "2024-09-17T17:45:05.096Z",
    "end": "2024-09-17T17:45:28.640Z",
    "duration": 23544,
    "testsRegistered": 1,
    "passPercent": 0,
    "pendingPercent": 0,
    "other": 0,
    "hasOther": false,
    "skipped": 0,
    "hasSkipped": false
  },
  "results": [
    {
      "uuid": "0cf32e64-f325-44cd-bc6b-f0431b0cd1dd",
      "title": "",
      "fullFile": "cypress\\e2e\\tests\\orderProduct.cy.js",
      "file": "cypress\\e2e\\tests\\orderProduct.cy.js",
      "beforeHooks": [],
      "afterHooks": [],
      "tests": [],
      "suites": [
        {
          "uuid": "a6652145-6916-4552-ac3c-9b549716dc94",
          "title": "Ordering Product",
          "fullFile": "",
          "file": "",
          "beforeHooks": [],
          "afterHooks": [],
          "tests": [
            {
              "title": "Verify Product order Successfull",
              "fullTitle": "Ordering Product Verify Product order Successfull",
              "timedOut": null,
              "duration": 23221,
              "state": "failed",
              "speed": null,
              "pass": false,
              "fail": true,
              "pending": false,
              "context": null,
              "code": "const addProductobj = new _addProduct.default();\nconst amazonloginobj = new _amazonlogin.default();\naddProductobj.searchbar('Mobile');\naddProductobj.clickonsearch();\naddProductobj.clickonproduct();\n// addProductobj.clickonaddtocart();\naddProductobj.clickonaddtocartInNewTab();",
              "err": {
                "message": "AssertionError: Timed out retrying after 4000ms: Expected to find element: `#twotabsearchtextbox`, but never found it.",
                "estack": "AssertionError: Timed out retrying after 4000ms: Expected to find element: `#twotabsearchtextbox`, but never found it.\n    at Object.searchbar (webpack://ak/./cypress/pageObjects/addProduct.js:5:29)\n    at addProductpage.searchbar (webpack://ak/./cypress/pageObjects/addProduct.js:17:22)\n    at Context.eval (webpack://ak/./cypress/e2e/tests/orderProduct.cy.js:13:22)",
                "diff": null
              },
              "uuid": "3c7c2f2e-e5ae-42c4-adf7-c55d06212a77",
              "parentUUID": "a6652145-6916-4552-ac3c-9b549716dc94",
              "isHook": false,
              "skipped": false
            }
          ],
          "suites": [],
          "passes": [],
          "failures": [
            "3c7c2f2e-e5ae-42c4-adf7-c55d06212a77"
          ],
          "pending": [],
          "skipped": [],
          "duration": 23221,
          "root": false,
          "rootEmpty": false,
          "_timeout": 2000
        }
      ],
      "passes": [],
      "failures": [],
      "pending": [],
      "skipped": [],
      "duration": 0,
      "root": true,
      "rootEmpty": true,
      "_timeout": 2000
    }
  ],
  "meta": {
    "mocha": {
      "version": "7.0.1"
    },
    "mochawesome": {
      "options": {
        "quiet": false,
        "reportFilename": "mochawesome",
        "saveHtml": false,
        "saveJson": true,
        "consoleReporter": "spec",
        "useInlineDiffs": false,
        "code": true
      },
      "version": "7.1.3"
    },
    "marge": {
      "options": {
        "id": "default",
        "reportDir": "cypress/reports/mocha",
        "quite": true,
        "overwrite": false,
        "html": false,
        "json": true
      },
      "version": "6.2.0"
    }
  }
}