{
  "stats": {
    "suites": 1,
    "tests": 4,
    "passes": 4,
    "pending": 0,
    "failures": 0,
    "start": "2024-09-17T17:42:40.964Z",
    "end": "2024-09-17T17:42:52.621Z",
    "duration": 11657,
    "testsRegistered": 4,
    "passPercent": 100,
    "pendingPercent": 0,
    "other": 0,
    "hasOther": false,
    "skipped": 0,
    "hasSkipped": false
  },
  "results": [
    {
      "uuid": "6b4cfb38-e3af-4800-9197-64f875b489cf",
      "title": "",
      "fullFile": "cypress\\e2e\\tests\\Alerts.cy.js",
      "file": "cypress\\e2e\\tests\\Alerts.cy.js",
      "beforeHooks": [],
      "afterHooks": [],
      "tests": [],
      "suites": [
        {
          "uuid": "22c1e0d4-3c0f-4d89-aa60-0a911f669bad",
          "title": "Alerts",
          "fullFile": "",
          "file": "",
          "beforeHooks": [],
          "afterHooks": [],
          "tests": [
            {
              "title": "alerts",
              "fullTitle": "Alerts alerts",
              "timedOut": null,
              "duration": 2873,
              "state": "passed",
              "speed": "fast",
              "pass": true,
              "fail": false,
              "pending": false,
              "context": null,
              "code": "cy.get('button[onclick=\"jsAlert()\"]').click();\ncy.on('window:alert', str => {\n  expect(str).contain('I am a JS Alert');\n});\ncy.on('window:alert', () => true);\ncy.get('#result').should('have.text', 'You successfully clicked an alert');",
              "err": {},
              "uuid": "3733cb43-bb01-4934-8339-bbba0b983125",
              "parentUUID": "22c1e0d4-3c0f-4d89-aa60-0a911f669bad",
              "isHook": false,
              "skipped": false
            },
            {
              "title": "Confirm alerts",
              "fullTitle": "Alerts Confirm alerts",
              "timedOut": null,
              "duration": 717,
              "state": "passed",
              "speed": "fast",
              "pass": true,
              "fail": false,
              "pending": false,
              "context": null,
              "code": "cy.get('button[onclick=\"jsConfirm()\"]').click();\ncy.on('window:alert', str => {\n  expect(str).contain('I am a JS Confirm');\n});\ncy.on('window:confirm', () => true);\ncy.get('#result').should('have.text', 'You clicked: Ok');",
              "err": {},
              "uuid": "ec6e75f6-52c7-415a-a765-eede513b3184",
              "parentUUID": "22c1e0d4-3c0f-4d89-aa60-0a911f669bad",
              "isHook": false,
              "skipped": false
            },
            {
              "title": "Confirm alerts cancel",
              "fullTitle": "Alerts Confirm alerts cancel",
              "timedOut": null,
              "duration": 642,
              "state": "passed",
              "speed": "fast",
              "pass": true,
              "fail": false,
              "pending": false,
              "context": null,
              "code": "cy.get('button[onclick=\"jsConfirm()\"]').click();\ncy.on('window:confirm', () => false);\ncy.get('#result').should('have.text', 'You clicked: Cancel');",
              "err": {},
              "uuid": "429dfd10-3079-4f0a-8e41-5ded53f7c211",
              "parentUUID": "22c1e0d4-3c0f-4d89-aa60-0a911f669bad",
              "isHook": false,
              "skipped": false
            },
            {
              "title": "Prompt alerts",
              "fullTitle": "Alerts Prompt alerts",
              "timedOut": null,
              "duration": 612,
              "state": "passed",
              "speed": "fast",
              "pass": true,
              "fail": false,
              "pending": false,
              "context": null,
              "code": "cy.window().then($win => {\n  cy.stub($win, 'prompt').returns('akanksha test');\n  cy.get('button[onclick=\"jsPrompt()\"]').click();\n});\ncy.get('#result').should('have.text', 'You entered: akanksha test');",
              "err": {},
              "uuid": "c4a74e99-8442-4dbd-976b-b8b7c72671af",
              "parentUUID": "22c1e0d4-3c0f-4d89-aa60-0a911f669bad",
              "isHook": false,
              "skipped": false
            }
          ],
          "suites": [],
          "passes": [
            "3733cb43-bb01-4934-8339-bbba0b983125",
            "ec6e75f6-52c7-415a-a765-eede513b3184",
            "429dfd10-3079-4f0a-8e41-5ded53f7c211",
            "c4a74e99-8442-4dbd-976b-b8b7c72671af"
          ],
          "failures": [],
          "pending": [],
          "skipped": [],
          "duration": 4844,
          "root": false,
          "rootEmpty": false,
          "_timeout": 2000
        }
      ],
      "passes": [],
      "failures": [],
      "pending": [],
      "skipped": [],
      "duration": 0,
      "root": true,
      "rootEmpty": true,
      "_timeout": 2000
    }
  ],
  "meta": {
    "mocha": {
      "version": "7.0.1"
    },
    "mochawesome": {
      "options": {
        "quiet": false,
        "reportFilename": "mochawesome",
        "saveHtml": false,
        "saveJson": true,
        "consoleReporter": "spec",
        "useInlineDiffs": false,
        "code": true
      },
      "version": "7.1.3"
    },
    "marge": {
      "options": {
        "id": "default",
        "reportDir": "cypress/reports/mocha",
        "quite": true,
        "overwrite": false,
        "html": false,
        "json": true
      },
      "version": "6.2.0"
    }
  }
}