{
  "stats": {
    "suites": 1,
    "tests": 1,
    "passes": 1,
    "pending": 0,
    "failures": 0,
    "start": "2024-09-17T17:42:58.673Z",
    "end": "2024-09-17T17:43:23.711Z",
    "duration": 25038,
    "testsRegistered": 1,
    "passPercent": 100,
    "pendingPercent": 0,
    "other": 0,
    "hasOther": false,
    "skipped": 0,
    "hasSkipped": false
  },
  "results": [
    {
      "uuid": "edfeb994-45be-402b-b2b9-8e06e6756bd4",
      "title": "",
      "fullFile": "cypress\\e2e\\tests\\AllLinksOfPage.cy.js",
      "file": "cypress\\e2e\\tests\\AllLinksOfPage.cy.js",
      "beforeHooks": [],
      "afterHooks": [],
      "tests": [],
      "suites": [
        {
          "uuid": "85b721c2-425f-44aa-9e0a-7adfb339de82",
          "title": "All links of webpage",
          "fullFile": "",
          "file": "",
          "beforeHooks": [],
          "afterHooks": [],
          "tests": [
            {
              "title": "Get all cart text",
              "fullTitle": "All links of webpage Get all cart text",
              "timedOut": null,
              "duration": 24387,
              "state": "passed",
              "speed": "slow",
              "pass": true,
              "fail": false,
              "pending": false,
              "context": null,
              "code": "addProductobj.searchbar('Mobile');\naddProductobj.clickonsearch();\ncy.xpath('//span[@class=\"a-button a-button-primary a-button-icon\"]//button').each(($ele, index) => {\n  expect($ele).to.contain(\"Add to cart\");\n});",
              "err": {},
              "uuid": "3d562ebb-7462-4102-8ac6-2818ede78647",
              "parentUUID": "85b721c2-425f-44aa-9e0a-7adfb339de82",
              "isHook": false,
              "skipped": false
            }
          ],
          "suites": [],
          "passes": [
            "3d562ebb-7462-4102-8ac6-2818ede78647"
          ],
          "failures": [],
          "pending": [],
          "skipped": [],
          "duration": 24387,
          "root": false,
          "rootEmpty": false,
          "_timeout": 2000
        }
      ],
      "passes": [],
      "failures": [],
      "pending": [],
      "skipped": [],
      "duration": 0,
      "root": true,
      "rootEmpty": true,
      "_timeout": 2000
    }
  ],
  "meta": {
    "mocha": {
      "version": "7.0.1"
    },
    "mochawesome": {
      "options": {
        "quiet": false,
        "reportFilename": "mochawesome",
        "saveHtml": false,
        "saveJson": true,
        "consoleReporter": "spec",
        "useInlineDiffs": false,
        "code": true
      },
      "version": "7.1.3"
    },
    "marge": {
      "options": {
        "id": "default",
        "reportDir": "cypress/reports/mocha",
        "quite": true,
        "overwrite": false,
        "html": false,
        "json": true
      },
      "version": "6.2.0"
    }
  }
}