{
  "stats": {
    "suites": 1,
    "tests": 1,
    "passes": 0,
    "pending": 0,
    "failures": 1,
    "start": "2024-09-17T17:37:58.447Z",
    "end": "2024-09-17T17:38:19.167Z",
    "duration": 20720,
    "testsRegistered": 1,
    "passPercent": 0,
    "pendingPercent": 0,
    "other": 0,
    "hasOther": false,
    "skipped": 0,
    "hasSkipped": false
  },
  "results": [
    {
      "uuid": "d0ca87a8-96c7-4d6d-ac4f-c64f9a14bde0",
      "title": "",
      "fullFile": "cypress\\e2e\\tests\\orderProduct.cy.js",
      "file": "cypress\\e2e\\tests\\orderProduct.cy.js",
      "beforeHooks": [],
      "afterHooks": [],
      "tests": [],
      "suites": [
        {
          "uuid": "d8222fe7-f77a-4af9-8cf5-716cfb34bd63",
          "title": "Ordering Product",
          "fullFile": "",
          "file": "",
          "beforeHooks": [],
          "afterHooks": [],
          "tests": [
            {
              "title": "Verify Product order Successfull",
              "fullTitle": "Ordering Product Verify Product order Successfull",
              "timedOut": null,
              "duration": 20459,
              "state": "failed",
              "speed": null,
              "pass": false,
              "fail": true,
              "pending": false,
              "context": null,
              "code": "const addProductobj = new _addProduct.default();\nconst amazonloginobj = new _amazonlogin.default();\naddProductobj.searchbar('Mobile');\naddProductobj.clickonsearch();\naddProductobj.clickonproduct();\n// addProductobj.clickonaddtocart();\naddProductobj.clickonaddtocartInNewTab();",
              "err": {
                "message": "AssertionError: Timed out retrying after 4000ms: Expected to find element: `#twotabsearchtextbox`, but never found it.",
                "estack": "AssertionError: Timed out retrying after 4000ms: Expected to find element: `#twotabsearchtextbox`, but never found it.\n    at Object.searchbar (webpack://ak/./cypress/pageObjects/addProduct.js:5:29)\n    at addProductpage.searchbar (webpack://ak/./cypress/pageObjects/addProduct.js:17:22)\n    at Context.eval (webpack://ak/./cypress/e2e/tests/orderProduct.cy.js:13:22)",
                "diff": null
              },
              "uuid": "abb539f3-c4e8-4935-9da7-6852586084ff",
              "parentUUID": "d8222fe7-f77a-4af9-8cf5-716cfb34bd63",
              "isHook": false,
              "skipped": false
            }
          ],
          "suites": [],
          "passes": [],
          "failures": [
            "abb539f3-c4e8-4935-9da7-6852586084ff"
          ],
          "pending": [],
          "skipped": [],
          "duration": 20459,
          "root": false,
          "rootEmpty": false,
          "_timeout": 2000
        }
      ],
      "passes": [],
      "failures": [],
      "pending": [],
      "skipped": [],
      "duration": 0,
      "root": true,
      "rootEmpty": true,
      "_timeout": 2000
    }
  ],
  "meta": {
    "mocha": {
      "version": "7.0.1"
    },
    "mochawesome": {
      "options": {
        "quiet": false,
        "reportFilename": "mochawesome",
        "saveHtml": false,
        "saveJson": true,
        "consoleReporter": "spec",
        "useInlineDiffs": false,
        "code": true
      },
      "version": "7.1.3"
    },
    "marge": {
      "options": {
        "reporterEnabled": "mochawesome",
        "mochawesomeReporterOptions": {
          "reportDir": "cypress/reports/mocha",
          "quite": true,
          "overwrite": false,
          "html": false,
          "json": true
        },
        "overwrite": false,
        "html": false,
        "json": true,
        "reportDir": "cypress\\reports\\html\\.jsons"
      },
      "version": "6.2.0"
    }
  }
}