{
  "stats": {
    "suites": 1,
    "tests": 2,
    "passes": 0,
    "pending": 0,
    "failures": 2,
    "start": "2024-09-17T17:36:50.547Z",
    "end": "2024-09-17T17:37:31.051Z",
    "duration": 40504,
    "testsRegistered": 2,
    "passPercent": 0,
    "pendingPercent": 0,
    "other": 0,
    "hasOther": false,
    "skipped": 0,
    "hasSkipped": false
  },
  "results": [
    {
      "uuid": "32b6253c-3b87-464d-9a3f-2e316bb71528",
      "title": "",
      "fullFile": "cypress\\e2e\\tests\\checkout.cy.js",
      "file": "cypress\\e2e\\tests\\checkout.cy.js",
      "beforeHooks": [],
      "afterHooks": [],
      "tests": [],
      "suites": [
        {
          "uuid": "7efeef57-e996-4688-b140-b323a3288f33",
          "title": "Checkout cart",
          "fullFile": "",
          "file": "",
          "beforeHooks": [],
          "afterHooks": [],
          "tests": [
            {
              "title": "Verify checkout Before Adding Product",
              "fullTitle": "Checkout cart Verify checkout Before Adding Product",
              "timedOut": null,
              "duration": 21080,
              "state": "failed",
              "speed": null,
              "pass": false,
              "fail": true,
              "pending": false,
              "context": null,
              "code": "checkoutcarobj.clickOncart();\ncheckoutcarobj.emprtycartmessage();",
              "err": {
                "message": "AssertionError: Timed out retrying after 4000ms: Expected to find element: `#nav-cart`, but never found it.",
                "estack": "AssertionError: Timed out retrying after 4000ms: Expected to find element: `#nav-cart`, but never found it.\n    at Object.cart (webpack://ak/./cypress/pageObjects/checkoutcart.js:5:24)\n    at checkoutcar.clickOncart (webpack://ak/./cypress/pageObjects/checkoutcart.js:14:18)\n    at Context.eval (webpack://ak/./cypress/e2e/tests/checkout.cy.js:15:23)",
                "diff": null
              },
              "uuid": "f6811e4a-4e4d-4f85-ad96-f382778a39b8",
              "parentUUID": "7efeef57-e996-4688-b140-b323a3288f33",
              "isHook": false,
              "skipped": false
            },
            {
              "title": "Verify checkout After Adding Product",
              "fullTitle": "Checkout cart Verify checkout After Adding Product",
              "timedOut": null,
              "duration": 19015,
              "state": "failed",
              "speed": null,
              "pass": false,
              "fail": true,
              "pending": false,
              "context": null,
              "code": "addProductobj.searchbar('Mobile');\naddProductobj.clickonsearch();\naddProductobj.clickonproduct();\n// addProductobj.clickonaddtocart();\naddProductobj.clickonaddtocartInNewTab();\naddProductobj.clickOnClose();\ncheckoutcarobj.clickOncart();\ncheckoutcarobj.clickonproceedtobuy();",
              "err": {
                "message": "AssertionError: Timed out retrying after 4000ms: Expected to find element: `#twotabsearchtextbox`, but never found it.",
                "estack": "AssertionError: Timed out retrying after 4000ms: Expected to find element: `#twotabsearchtextbox`, but never found it.\n    at Object.searchbar (webpack://ak/./cypress/pageObjects/addProduct.js:5:29)\n    at addProductpage.searchbar (webpack://ak/./cypress/pageObjects/addProduct.js:17:22)\n    at Context.eval (webpack://ak/./cypress/e2e/tests/checkout.cy.js:21:22)",
                "diff": null
              },
              "uuid": "108c525c-8f7e-4df3-a246-fec468b35962",
              "parentUUID": "7efeef57-e996-4688-b140-b323a3288f33",
              "isHook": false,
              "skipped": false
            }
          ],
          "suites": [],
          "passes": [],
          "failures": [
            "f6811e4a-4e4d-4f85-ad96-f382778a39b8",
            "108c525c-8f7e-4df3-a246-fec468b35962"
          ],
          "pending": [],
          "skipped": [],
          "duration": 40095,
          "root": false,
          "rootEmpty": false,
          "_timeout": 2000
        }
      ],
      "passes": [],
      "failures": [],
      "pending": [],
      "skipped": [],
      "duration": 0,
      "root": true,
      "rootEmpty": true,
      "_timeout": 2000
    }
  ],
  "meta": {
    "mocha": {
      "version": "7.0.1"
    },
    "mochawesome": {
      "options": {
        "quiet": false,
        "reportFilename": "mochawesome",
        "saveHtml": false,
        "saveJson": true,
        "consoleReporter": "spec",
        "useInlineDiffs": false,
        "code": true
      },
      "version": "7.1.3"
    },
    "marge": {
      "options": {
        "reporterEnabled": "mochawesome",
        "mochawesomeReporterOptions": {
          "reportDir": "cypress/reports/mocha",
          "quite": true,
          "overwrite": false,
          "html": false,
          "json": true
        },
        "overwrite": false,
        "html": false,
        "json": true,
        "reportDir": "cypress\\reports\\html\\.jsons"
      },
      "version": "6.2.0"
    }
  }
}