{
  "stats": {
    "suites": 1,
    "tests": 1,
    "passes": 0,
    "pending": 0,
    "failures": 1,
    "start": "2024-09-17T17:36:22.395Z",
    "end": "2024-09-17T17:36:45.123Z",
    "duration": 22728,
    "testsRegistered": 1,
    "passPercent": 0,
    "pendingPercent": 0,
    "other": 0,
    "hasOther": false,
    "skipped": 0,
    "hasSkipped": false
  },
  "results": [
    {
      "uuid": "dce7464d-4882-42ec-8b30-41154663ef68",
      "title": "",
      "fullFile": "cypress\\e2e\\tests\\WindowHandling.cy.js",
      "file": "cypress\\e2e\\tests\\WindowHandling.cy.js",
      "beforeHooks": [],
      "afterHooks": [],
      "tests": [],
      "suites": [
        {
          "uuid": "e38c46ae-53a4-4b2f-b8d4-c06fc5604e9a",
          "title": "Ordering Product",
          "fullFile": "",
          "file": "",
          "beforeHooks": [],
          "afterHooks": [],
          "tests": [
            {
              "title": "Verify Product order Successfull",
              "fullTitle": "Ordering Product Verify Product order Successfull",
              "timedOut": null,
              "duration": 22422,
              "state": "failed",
              "speed": null,
              "pass": false,
              "fail": true,
              "pending": false,
              "context": null,
              "code": "const addProductobj = new _addProduct.default();\nconst amazonloginobj = new _amazonlogin.default();\namazonloginobj.clickonloginoption();\namazonloginobj.entermobileoremail('9986045672');\namazonloginobj.clickoncontinue();\namazonloginobj.enterpassword('Star@27a');\namazonloginobj.clickonSignin();\naddProductobj.searchbar('Mobile phone');\naddProductobj.clickonsearch();\naddProductobj.clickonproduct();\n// addProductobj.clickonaddtocart();\n//addProductobj.clickonaddtocartInNewTab();\n//addProductobj.clickonproductNewWindow();",
              "err": {
                "message": "AssertionError: Timed out retrying after 4000ms: Expected to find element: `#twotabsearchtextbox`, but never found it.",
                "estack": "AssertionError: Timed out retrying after 4000ms: Expected to find element: `#twotabsearchtextbox`, but never found it.\n    at Object.searchbar (webpack://ak/./cypress/pageObjects/addProduct.js:5:29)\n    at addProductpage.searchbar (webpack://ak/./cypress/pageObjects/addProduct.js:17:22)\n    at Context.eval (webpack://ak/./cypress/e2e/tests/WindowHandling.cy.js:18:22)",
                "diff": null
              },
              "uuid": "d217b271-d18a-4c86-90d0-ef6e1d239180",
              "parentUUID": "e38c46ae-53a4-4b2f-b8d4-c06fc5604e9a",
              "isHook": false,
              "skipped": false
            }
          ],
          "suites": [],
          "passes": [],
          "failures": [
            "d217b271-d18a-4c86-90d0-ef6e1d239180"
          ],
          "pending": [],
          "skipped": [],
          "duration": 22422,
          "root": false,
          "rootEmpty": false,
          "_timeout": 2000
        }
      ],
      "passes": [],
      "failures": [],
      "pending": [],
      "skipped": [],
      "duration": 0,
      "root": true,
      "rootEmpty": true,
      "_timeout": 2000
    }
  ],
  "meta": {
    "mocha": {
      "version": "7.0.1"
    },
    "mochawesome": {
      "options": {
        "quiet": false,
        "reportFilename": "mochawesome",
        "saveHtml": false,
        "saveJson": true,
        "consoleReporter": "spec",
        "useInlineDiffs": false,
        "code": true
      },
      "version": "7.1.3"
    },
    "marge": {
      "options": {
        "reporterEnabled": "mochawesome",
        "mochawesomeReporterOptions": {
          "reportDir": "cypress/reports/mocha",
          "quite": true,
          "overwrite": false,
          "html": false,
          "json": true
        },
        "overwrite": false,
        "html": false,
        "json": true,
        "reportDir": "cypress\\reports\\html\\.jsons"
      },
      "version": "6.2.0"
    }
  }
}