{
  "stats": {
    "suites": 1,
    "tests": 1,
    "passes": 1,
    "pending": 0,
    "failures": 0,
    "start": "2024-09-17T17:37:35.749Z",
    "end": "2024-09-17T17:37:51.976Z",
    "duration": 16227,
    "testsRegistered": 1,
    "passPercent": 100,
    "pendingPercent": 0,
    "other": 0,
    "hasOther": false,
    "skipped": 0,
    "hasSkipped": false
  },
  "results": [
    {
      "uuid": "331f1221-997e-4f66-b0cd-368e7562cf25",
      "title": "",
      "fullFile": "cypress\\e2e\\tests\\login.cy.js",
      "file": "cypress\\e2e\\tests\\login.cy.js",
      "beforeHooks": [],
      "afterHooks": [],
      "tests": [],
      "suites": [
        {
          "uuid": "74d7b420-af59-4289-87a2-2fa47baa364c",
          "title": "Amazon Test",
          "fullFile": "",
          "file": "",
          "beforeHooks": [],
          "afterHooks": [],
          "tests": [
            {
              "title": "Verify Login Successfull",
              "fullTitle": "Amazon Test Verify Login Successfull",
              "timedOut": null,
              "duration": 16018,
              "state": "passed",
              "speed": "slow",
              "pass": true,
              "fail": false,
              "pending": false,
              "context": null,
              "code": "const amazonloginobj = new _amazonlogin.default();\namazonloginobj.clickonloginoption();\namazonloginobj.entermobileoremail('9986045672');\namazonloginobj.clickoncontinue();\namazonloginobj.enterpassword('Star@27a');\namazonloginobj.clickonSignin();",
              "err": {},
              "uuid": "7985bdea-e13e-48b1-95c5-39eacc6494c6",
              "parentUUID": "74d7b420-af59-4289-87a2-2fa47baa364c",
              "isHook": false,
              "skipped": false
            }
          ],
          "suites": [],
          "passes": [
            "7985bdea-e13e-48b1-95c5-39eacc6494c6"
          ],
          "failures": [],
          "pending": [],
          "skipped": [],
          "duration": 16018,
          "root": false,
          "rootEmpty": false,
          "_timeout": 2000
        }
      ],
      "passes": [],
      "failures": [],
      "pending": [],
      "skipped": [],
      "duration": 0,
      "root": true,
      "rootEmpty": true,
      "_timeout": 2000
    }
  ],
  "meta": {
    "mocha": {
      "version": "7.0.1"
    },
    "mochawesome": {
      "options": {
        "quiet": false,
        "reportFilename": "mochawesome",
        "saveHtml": false,
        "saveJson": true,
        "consoleReporter": "spec",
        "useInlineDiffs": false,
        "code": true
      },
      "version": "7.1.3"
    },
    "marge": {
      "options": {
        "reporterEnabled": "mochawesome",
        "mochawesomeReporterOptions": {
          "reportDir": "cypress/reports/mocha",
          "quite": true,
          "overwrite": false,
          "html": false,
          "json": true
        },
        "overwrite": false,
        "html": false,
        "json": true,
        "reportDir": "cypress\\reports\\html\\.jsons"
      },
      "version": "6.2.0"
    }
  }
}