{
  "stats": {
    "suites": 1,
    "tests": 1,
    "passes": 1,
    "pending": 0,
    "failures": 0,
    "start": "2024-09-17T17:35:53.004Z",
    "end": "2024-09-17T17:36:17.003Z",
    "duration": 23999,
    "testsRegistered": 1,
    "passPercent": 100,
    "pendingPercent": 0,
    "other": 0,
    "hasOther": false,
    "skipped": 0,
    "hasSkipped": false
  },
  "results": [
    {
      "uuid": "ac2873ae-440a-47bd-b83a-407d5371c55d",
      "title": "",
      "fullFile": "cypress\\e2e\\tests\\AllLinksOfPage.cy.js",
      "file": "cypress\\e2e\\tests\\AllLinksOfPage.cy.js",
      "beforeHooks": [],
      "afterHooks": [],
      "tests": [],
      "suites": [
        {
          "uuid": "3435b324-5caa-4c88-8738-e86bf23732de",
          "title": "All links of webpage",
          "fullFile": "",
          "file": "",
          "beforeHooks": [],
          "afterHooks": [],
          "tests": [
            {
              "title": "Get all cart text",
              "fullTitle": "All links of webpage Get all cart text",
              "timedOut": null,
              "duration": 23297,
              "state": "passed",
              "speed": "slow",
              "pass": true,
              "fail": false,
              "pending": false,
              "context": null,
              "code": "addProductobj.searchbar('Mobile');\naddProductobj.clickonsearch();\ncy.xpath('//span[@class=\"a-button a-button-primary a-button-icon\"]//button').each(($ele, index) => {\n  expect($ele).to.contain(\"Add to cart\");\n});",
              "err": {},
              "uuid": "ffe1c72e-f89f-407a-9e79-26631ca5c399",
              "parentUUID": "3435b324-5caa-4c88-8738-e86bf23732de",
              "isHook": false,
              "skipped": false
            }
          ],
          "suites": [],
          "passes": [
            "ffe1c72e-f89f-407a-9e79-26631ca5c399"
          ],
          "failures": [],
          "pending": [],
          "skipped": [],
          "duration": 23297,
          "root": false,
          "rootEmpty": false,
          "_timeout": 2000
        }
      ],
      "passes": [],
      "failures": [],
      "pending": [],
      "skipped": [],
      "duration": 0,
      "root": true,
      "rootEmpty": true,
      "_timeout": 2000
    }
  ],
  "meta": {
    "mocha": {
      "version": "7.0.1"
    },
    "mochawesome": {
      "options": {
        "quiet": false,
        "reportFilename": "mochawesome",
        "saveHtml": false,
        "saveJson": true,
        "consoleReporter": "spec",
        "useInlineDiffs": false,
        "code": true
      },
      "version": "7.1.3"
    },
    "marge": {
      "options": {
        "reporterEnabled": "mochawesome",
        "mochawesomeReporterOptions": {
          "reportDir": "cypress/reports/mocha",
          "quite": true,
          "overwrite": false,
          "html": false,
          "json": true
        },
        "overwrite": false,
        "html": false,
        "json": true,
        "reportDir": "cypress\\reports\\html\\.jsons"
      },
      "version": "6.2.0"
    }
  }
}